Arguments: 
  C:\Program Files\nodejs\node.exe C:\usr\local\node_modules\yarn\bin\yarn.js add --dev react-test-rerender

PATH: 
  C:\Project_AAVN\React_Native\node_modules\.bin;C:\Project_AAVN\node_modules\.bin;C:\node_modules\.bin;C:\Program Files\nodejs\node_modules\npm\node_modules\@npmcli\run-script\lib\node-gyp-bin;C:\Program Files (x86)\Common Files\Oracle\Java\javapath;C:\Windows\system32;C:\Windows;C:\Windows\System32\Wbem;C:\Windows\System32\WindowsPowerShell\v1.0\;C:\Windows\System32\OpenSSH\;C:\Program Files\Git\cmd;C:\Users\lthai\AppData\Local\Programs\Python\Python310\python.exe;C:\Program Files\nodejs\;C:\Users\lthai\AppData\Roaming\npm;C:\Android\cmdline-tools\tools\bin;C:\Users\lthai\AppData\Roaming\npm\node_modules\expo-cli;C:\Program Files\Cloudflare\Cloudflare WARP\;C:\Users\lthai\AppData\Roaming\npm;C:\usr\local;C:\Android\emulator;C:\Program Files (x86)\Common Files\Oracle\Java\javapath;C:\Windows\system32;C:\Windows;C:\Windows\System32\Wbem;C:\Windows\System32\WindowsPowerShell\v1.0\;C:\Windows\System32\OpenSSH\;C:\Program Files\Git\cmd;C:\Users\lthai\AppData\Local\Programs\Python\Python310\python.exe;C:\Program Files\nodejs;C:\Users\lthai\AppData\Roaming\npm;C:\Android\cmdline-tools\tools\bin;C:\Users\lthai\AppData\Local\Programs\Python\Python310\Scripts\;C:\Users\lthai\AppData\Local\Programs\Python\Python310\;C:\Users\lthai\AppData\Local\Microsoft\WindowsApps;C:\Users\lthai\AppData\Local\Programs\Microsoft VS Code\bin;C:\Program Files\JetBrains\IntelliJ IDEA Community Edition 2022.1.2\bin;C:\Program Files\JetBrains\IntelliJ IDEA 2022.1.2\bin;C:\User\lthai\AppData\Roaming\npm;C:\usr\local;

Yarn version: 
  1.22.19

Node version: 
  16.16.0

Platform: 
  win32 x64

Trace: 
  Error: https://registry.yarnpkg.com/react-test-rerender: Not found
      at Request.params.callback [as _callback] (C:\usr\local\node_modules\yarn\lib\cli.js:66145:18)
      at Request.self.callback (C:\usr\local\node_modules\yarn\lib\cli.js:140890:22)
      at Request.emit (node:events:527:28)
      at Request.<anonymous> (C:\usr\local\node_modules\yarn\lib\cli.js:141862:10)
      at Request.emit (node:events:527:28)
      at IncomingMessage.<anonymous> (C:\usr\local\node_modules\yarn\lib\cli.js:141784:12)
      at Object.onceWrapper (node:events:641:28)
      at IncomingMessage.emit (node:events:539:35)
      at endReadableNT (node:internal/streams/readable:1345:12)
      at processTicksAndRejections (node:internal/process/task_queues:83:21)

npm manifest: 
  {
    "name": "react_native",
    "version": "1.0.0",
    "main": "node_modules/expo/AppEntry.js",
    "scripts": {
      "start": "expo start",
      "android": "expo start --android",
      "ios": "expo start --ios",
      "web": "expo start --web",
      "eject": "expo eject",
      "test": "jest"
    },
    "dependencies": {
      "@react-navigation/native": "^6.0.11",
      "@react-navigation/stack": "^6.2.2",
      "axios": "^0.27.2",
      "expo": "~45.0.0",
      "expo-asset": "~8.5.0",
      "expo-file-system": "~14.0.0",
      "expo-notifications": "~0.15.4",
      "expo-sqlite": "~10.2.0",
      "expo-status-bar": "~1.3.0",
      "firebase": "^9.9.1",
      "react": "17.0.2",
      "react-dom": "17.0.2",
      "react-native": "0.68.2",
      "react-native-gesture-handler": "~2.2.1",
      "react-native-push-notification": "^8.1.1",
      "react-native-sqlite-storage": "^6.0.1",
      "react-native-web": "0.17.7"
    },
    "devDependencies": {
      "@babel/core": "^7.12.9",
      "jest": "^28.1.3"
    },
    "private": true
  }

yarn manifest: 
  No manifest

Lockfile: 
  No lockfile
